# JRE version: Java(TM) SE Runtime Environment 18.9 (11.0.10+8) (build 11.0.10+8-LTS-162)
# Java VM: Java HotSpot(TM) 64-Bit Server VM 18.9 (11.0.10+8-LTS-162, mixed mode, tiered, compressed oops, g1 gc, windows-amd64)
Heap:
 garbage-first heap   total 315392K, used 11935K [0x0000000701800000, 0x0000000800000000)
  region size 1024K, 8 young (8192K), 7 survivors (7168K)
 Metaspace       used 34884K, capacity 35873K, committed 36144K, reserved 1081344K
  class space    used 4027K, capacity 4408K, committed 4480K, reserved 1048576K
GC Heap History (10 events):
Event: 3.700 GC heap before
{Heap before GC invocations=2 (full 0):
 garbage-first heap   total 262144K, used 16872K [0x0000000701800000, 0x0000000800000000)
  region size 1024K, 14 young (14336K), 1 survivors (1024K)
 Metaspace       used 15375K, capacity 15726K, committed 15872K, reserved 1062912K
  class space    used 1562K, capacity 1678K, committed 1792K, reserved 1048576K
}
Event: 3.707 GC heap after
{Heap after GC invocations=3 (full 0):
 garbage-first heap   total 262144K, used 5511K [0x0000000701800000, 0x0000000800000000)
  region size 1024K, 2 young (2048K), 2 survivors (2048K)
 Metaspace       used 15375K, capacity 15726K, committed 15872K, reserved 1062912K
  class space    used 1562K, capacity 1678K, committed 1792K, reserved 1048576K
}
Event: 5.386 GC heap before
{Heap before GC invocations=3 (full 0):
 garbage-first heap   total 262144K, used 31111K [0x0000000701800000, 0x0000000800000000)
  region size 1024K, 28 young (28672K), 2 survivors (2048K)
 Metaspace       used 20711K, capacity 21188K, committed 21296K, reserved 1069056K
  class space    used 2224K, capacity 2422K, committed 2432K, reserved 1048576K
}
Event: 5.407 GC heap after
{Heap after GC invocations=4 (full 0):
 garbage-first heap   total 262144K, used 6831K [0x0000000701800000, 0x0000000800000000)
  region size 1024K, 3 young (3072K), 3 survivors (3072K)
 Metaspace       used 20711K, capacity 21188K, committed 21296K, reserved 1069056K
  class space    used 2224K, capacity 2422K, committed 2432K, reserved 1048576K
}
Event: 7.295 GC heap before
{Heap before GC invocations=5 (full 0):
 garbage-first heap   total 262144K, used 44719K [0x0000000701800000, 0x0000000800000000)
  region size 1024K, 41 young (41984K), 3 survivors (3072K)
 Metaspace       used 25918K, capacity 26595K, committed 26672K, reserved 1073152K
  class space    used 2884K, capacity 3135K, committed 3200K, reserved 1048576K
}
Event: 7.311 GC heap after
{Heap after GC invocations=6 (full 0):
 garbage-first heap   total 262144K, used 8635K [0x0000000701800000, 0x0000000800000000)
  region size 1024K, 5 young (5120K), 5 survivors (5120K)
 Metaspace       used 25918K, capacity 26595K, committed 26672K, reserved 1073152K
  class space    used 2884K, capacity 3135K, committed 3200K, reserved 1048576K
}
Event: 11.249 GC heap before
{Heap before GC invocations=6 (full 0):
 garbage-first heap   total 262144K, used 56763K [0x0000000701800000, 0x0000000800000000)
  region size 1024K, 52 young (53248K), 5 survivors (5120K)
 Metaspace       used 32671K, capacity 33629K, committed 33840K, reserved 1079296K
  class space    used 3777K, capacity 4149K, committed 4224K, reserved 1048576K
}
Event: 11.267 GC heap after
{Heap after GC invocations=7 (full 0):
 garbage-first heap   total 262144K, used 11164K [0x0000000701800000, 0x0000000800000000)
  region size 1024K, 6 young (6144K), 6 survivors (6144K)
 Metaspace       used 32671K, capacity 33629K, committed 33840K, reserved 1079296K
  class space    used 3777K, capacity 4149K, committed 4224K, reserved 1048576K
}
Event: 12.151 GC heap before
{Heap before GC invocations=7 (full 0):
 garbage-first heap   total 262144K, used 29596K [0x0000000701800000, 0x0000000800000000)
  region size 1024K, 25 young (25600K), 6 survivors (6144K)
 Metaspace       used 34883K, capacity 35809K, committed 35888K, reserved 1081344K
  class space    used 4026K, capacity 4408K, committed 4480K, reserved 1048576K
}
Event: 12.170 GC heap after
{Heap after GC invocations=8 (full 0):
 garbage-first heap   total 315392K, used 11935K [0x0000000701800000, 0x0000000800000000)
  region size 1024K, 7 young (7168K), 7 survivors (7168K)
 Metaspace       used 34883K, capacity 35809K, committed 35888K, reserved 1081344K
  class space    used 4026K, capacity 4408K, committed 4480K, reserved 1048576K
}

